TN:
SF:/home/runner/work/CubicIntersection/CubicIntersection/src/CubicIntersection.Api/Extensions.cs
FN:11,AddAppSettingsConfiguration(...)
FN:21,AddServices(...)
FNDA:3,AddAppSettingsConfiguration(...)
FNDA:3,AddServices(...)
FNF:2
FNH:2
BRDA:11,11,0,1
BRDA:11,11,1,-
BRF:2
BRH:1
DA:11,3
DA:13,3
DA:14,3
DA:15,3
DA:16,3
DA:21,3
DA:22,3
DA:23,3
DA:24,3
LH:9
LF:9
end_of_record
SF:/home/runner/work/CubicIntersection/CubicIntersection/src/CubicIntersection.Api/Program.cs
FN:6,<Main>$(...)
FNDA:3,<Main>$(...)
FNF:1
FNH:1
BRDA:8,8,2,1
BRDA:8,8,3,1
BRDA:41,41,4,1
BRDA:41,41,5,-
BRF:4
BRH:3
DA:6,3
DA:8,3
DA:9,3
DA:10,3
DA:11,3
DA:13,3
DA:14,3
DA:15,3
DA:16,3
DA:17,3
DA:18,3
DA:19,3
DA:20,3
DA:21,3
DA:22,3
DA:23,6
DA:25,3
DA:27,3
DA:28,3
DA:30,3
DA:32,3
DA:33,3
DA:34,3
DA:35,3
DA:36,3
DA:37,6
DA:39,3
DA:40,3
DA:41,1
DA:42,3
DA:43,1
DA:44,1
DA:45,1
DA:46,3
DA:47,3
DA:48,0
DA:49,3
DA:51,3
DA:52,3
DA:53,7
DA:54,3
DA:55,7
DA:56,3
DA:58,3
LH:43
LF:44
end_of_record
SF:/home/runner/work/CubicIntersection/CubicIntersection/src/CubicIntersection.Domain/CacheOptions.cs
FN:5,get_Lifetime()
FNDA:0,get_Lifetime()
FNF:1
FNH:0
BRF:0
BRH:0
DA:5,0
LH:0
LF:1
end_of_record
SF:/home/runner/work/CubicIntersection/CubicIntersection/src/CubicIntersection.Domain/Center.cs
FN:3,get_X()
FNDA:508,get_X()
FNF:1
FNH:1
BRF:0
BRH:0
DA:3,508
LH:1
LF:1
end_of_record
SF:/home/runner/work/CubicIntersection/CubicIntersection/src/CubicIntersection.Domain/Cubic.cs
FN:3,get_Dimensions()
FNDA:570,get_Dimensions()
FNF:1
FNH:1
BRF:0
BRH:0
DA:3,570
LH:1
LF:1
end_of_record
SF:/home/runner/work/CubicIntersection/CubicIntersection/src/CubicIntersection.Domain/CubicRequest.cs
FN:3,get_First()
FNDA:146,get_First()
FNF:1
FNH:1
BRF:0
BRH:0
DA:3,146
LH:1
LF:1
end_of_record
SF:/home/runner/work/CubicIntersection/CubicIntersection/src/CubicIntersection.Domain/CubicResponse.cs
FN:18,get_AreTheyColliding()
FN:20,get_IntersectedVolume()
FN:24,Success(...)
FN:29,Failure()
FN:8,.ctor()
FN:12,.ctor(...)
FNDA:48,get_AreTheyColliding()
FNDA:44,get_IntersectedVolume()
FNDA:12,Success(...)
FNDA:4,Failure()
FNDA:8,.ctor()
FNDA:16,.ctor(...)
FNF:6
FNH:6
BRF:0
BRH:0
DA:8,8
DA:10,8
DA:12,16
DA:14,16
DA:15,16
DA:16,16
DA:18,48
DA:20,44
DA:24,12
DA:29,4
LH:10
LF:10
end_of_record
SF:/home/runner/work/CubicIntersection/CubicIntersection/src/CubicIntersection.Domain/Dimensions.cs
FN:3,get_X()
FNDA:508,get_X()
FNF:1
FNH:1
BRF:0
BRH:0
DA:3,508
LH:1
LF:1
end_of_record
SF:/home/runner/work/CubicIntersection/CubicIntersection/src/CubicIntersection.Infrastructure/IntersectService.cs
FN:10,Intersects(...)
FN:30,IntersectedVolume(...)
FNDA:17,Intersects(...)
FNDA:3,IntersectedVolume(...)
FNF:2
FNH:2
BRDA:10,10,6,2
BRDA:10,10,7,2
BRDA:15,15,8,2
BRDA:15,15,9,-
BRDA:20,20,10,2
BRDA:20,20,11,-
BRF:6
BRH:4
DA:10,17
DA:12,5
DA:15,12
DA:17,0
DA:20,12
DA:22,0
DA:25,12
DA:30,3
DA:31,3
DA:32,3
DA:33,3
DA:34,3
DA:35,3
DA:36,3
LH:12
LF:14
end_of_record
SF:/home/runner/work/CubicIntersection/CubicIntersection/src/CubicIntersection.Infrastructure/Pipeline.cs
FN:24,Run(...)
FN:12,.ctor(...)
FNDA:15,Run(...)
FNDA:10,.ctor(...)
FNF:2
FNH:2
BRDA:27,27,12,1
BRDA:27,27,13,-
BRDA:32,32,14,1
BRDA:32,32,15,1
BRF:4
BRH:3
DA:12,10
DA:13,10
DA:14,10
DA:15,10
DA:17,10
DA:18,10
DA:19,10
DA:20,10
DA:24,15
DA:27,15
DA:29,0
DA:32,15
DA:33,15
DA:34,15
DA:36,15
DA:38,15
LH:15
LF:16
end_of_record
SF:/home/runner/work/CubicIntersection/CubicIntersection/src/CubicIntersection.Infrastructure/ResponseCache.cs
FN:22,TryGetValue(...)
FN:27,Set(...)
FN:13,.ctor(...)
FNDA:0,TryGetValue(...)
FNDA:0,Set(...)
FNDA:0,.ctor(...)
FNF:3
FNH:0
BRF:0
BRH:0
DA:13,0
DA:15,0
DA:16,0
DA:17,0
DA:18,0
DA:22,0
DA:27,0
DA:28,0
LH:0
LF:8
end_of_record
SF:/home/runner/work/CubicIntersection/CubicIntersection/src/CubicIntersection.Infrastructure/VolumeCalculator.cs
FN:10,Intersected(...)
FNDA:12,Intersected(...)
FNF:1
FNH:1
BRF:0
BRH:0
DA:10,12
DA:11,12
DA:12,12
DA:13,12
DA:14,12
DA:15,12
DA:16,12
LH:7
LF:7
end_of_record
